[debug] [2019-07-16T13:19:49.715Z] ----------------------------------------------------------------------
[debug] [2019-07-16T13:19:49.716Z] Command:       /home/gorgantx1/.nvm/versions/node/v10.14.2/bin/node /home/gorgantx1/.nvm/versions/node/v10.14.2/bin/firebase deploy
[debug] [2019-07-16T13:19:49.716Z] CLI Version:   7.1.0
[debug] [2019-07-16T13:19:49.716Z] Platform:      linux
[debug] [2019-07-16T13:19:49.716Z] Node Version:  v10.14.2
[debug] [2019-07-16T13:19:49.717Z] Time:          Tue Jul 16 2019 16:19:49 GMT+0300 (GMT+03:00)
[debug] [2019-07-16T13:19:49.717Z] ----------------------------------------------------------------------
[debug] 
[debug] [2019-07-16T13:19:49.720Z] > command requires scopes: ["email","openid","https://www.googleapis.com/auth/cloudplatformprojects.readonly","https://www.googleapis.com/auth/firebase","https://www.googleapis.com/auth/cloud-platform"]
[debug] [2019-07-16T13:19:49.720Z] > authorizing via signed-in user
[debug] [2019-07-16T13:19:49.721Z] [iam] checking project marydaphne-sandbox-public for permissions ["cloudfunctions.functions.create","cloudfunctions.functions.delete","cloudfunctions.functions.get","cloudfunctions.functions.list","cloudfunctions.functions.update","cloudfunctions.operations.get","datastore.indexes.create","datastore.indexes.delete","datastore.indexes.list","datastore.indexes.update","firebase.projects.get","firebasehosting.sites.update"]
[debug] [2019-07-16T13:19:49.722Z] >>> HTTP REQUEST POST https://cloudresourcemanager.googleapis.com/v1/projects/marydaphne-sandbox-public:testIamPermissions  

[debug] [2019-07-16T13:19:51.958Z] <<< HTTP RESPONSE 200
[debug] [2019-07-16T13:19:51.965Z] >>> HTTP REQUEST GET https://firebase.googleapis.com/v1beta1/projects/marydaphne-sandbox-public  
 
[debug] [2019-07-16T13:19:53.230Z] <<< HTTP RESPONSE 200
[info] 
[info] === Deploying to 'marydaphne-sandbox-public'...
[info] 
[info] i  deploying firestore, functions, hosting
[info] Running command: npm --prefix "$RESOURCE_DIR" run lint
[info] Running command: npm --prefix "$RESOURCE_DIR" run build
[info] ✔  functions: Finished running predeploy script.
[info] i  firestore: checking firestore.rules for compilation errors...
[info] i  firestore: reading indexes from firestore.indexes.json...
[debug] [2019-07-16T13:20:01.540Z] >>> HTTP REQUEST POST https://firebaserules.googleapis.com/v1/projects/marydaphne-sandbox-public:test  

[debug] [2019-07-16T13:21:13.106Z] ----------------------------------------------------------------------
[debug] [2019-07-16T13:21:13.107Z] Command:       /home/gorgantx1/.nvm/versions/node/v10.14.2/bin/node /home/gorgantx1/.nvm/versions/node/v10.14.2/bin/firebase deploy
[debug] [2019-07-16T13:21:13.107Z] CLI Version:   7.1.0
[debug] [2019-07-16T13:21:13.107Z] Platform:      linux
[debug] [2019-07-16T13:21:13.107Z] Node Version:  v10.14.2
[debug] [2019-07-16T13:21:13.108Z] Time:          Tue Jul 16 2019 16:21:13 GMT+0300 (GMT+03:00)
[debug] [2019-07-16T13:21:13.108Z] ----------------------------------------------------------------------
[debug] 
[debug] [2019-07-16T13:21:13.114Z] > command requires scopes: ["email","openid","https://www.googleapis.com/auth/cloudplatformprojects.readonly","https://www.googleapis.com/auth/firebase","https://www.googleapis.com/auth/cloud-platform"]
[debug] [2019-07-16T13:21:13.114Z] > authorizing via signed-in user
[debug] [2019-07-16T13:21:13.114Z] [iam] checking project marydaphne-sandbox-public for permissions ["cloudfunctions.functions.create","cloudfunctions.functions.delete","cloudfunctions.functions.get","cloudfunctions.functions.list","cloudfunctions.functions.update","cloudfunctions.operations.get","datastore.indexes.create","datastore.indexes.delete","datastore.indexes.list","datastore.indexes.update","firebase.projects.get","firebasehosting.sites.update"]
[debug] [2019-07-16T13:21:13.115Z] >>> HTTP REQUEST POST https://cloudresourcemanager.googleapis.com/v1/projects/marydaphne-sandbox-public:testIamPermissions  

[debug] [2019-07-16T13:21:14.276Z] <<< HTTP RESPONSE 200
[debug] [2019-07-16T13:21:14.278Z] >>> HTTP REQUEST GET https://firebase.googleapis.com/v1beta1/projects/marydaphne-sandbox-public  
 
[debug] [2019-07-16T13:21:15.399Z] <<< HTTP RESPONSE 200
[info] 
[info] === Deploying to 'marydaphne-sandbox-public'...
[info] 
[info] i  deploying firestore, functions, hosting
[info] Running command: npm --prefix "$RESOURCE_DIR" run lint
[info] Running command: npm --prefix "$RESOURCE_DIR" run build
[info] ✔  functions: Finished running predeploy script.
[info] i  firestore: checking firestore.rules for compilation errors...
[info] i  firestore: reading indexes from firestore.indexes.json...
[debug] [2019-07-16T13:21:22.516Z] >>> HTTP REQUEST POST https://firebaserules.googleapis.com/v1/projects/marydaphne-sandbox-public:test  

[debug] [2019-07-16T13:21:22.940Z] <<< HTTP RESPONSE 200
[info] ✔  firestore: rules file firestore.rules compiled successfully
[debug] [2019-07-16T13:21:22.942Z] > [functions] package.json contents: {
  "name": "functions",
  "scripts": {
    "lint": "tslint --project tsconfig.json",
    "build": "tsc",
    "serve": "npm run build && firebase serve --only functions",
    "shell": "npm run build && firebase functions:shell",
    "start": "npm run shell",
    "deploy": "firebase deploy --only functions",
    "logs": "firebase functions:log"
  },
  "engines": {
    "node": "8"
  },
  "main": "lib/functions/src/index.js",
  "dependencies": {
    "@google-cloud/pubsub": "^0.30.1",
    "express": "^4.17.1",
    "firebase-admin": "^8.2.0",
    "firebase-functions": "^3.0.2",
    "moment": "^2.24.0",
    "node-fetch": "^2.6.0",
    "puppeteer": "^1.18.1",
    "stripe": "^7.4.0"
  },
  "devDependencies": {
    "@types/node": "^12.6.3",
    "@types/node-fetch": "^2.3.7",
    "@types/puppeteer": "^1.12.4",
    "@types/stripe": "^6.31.4",
    "firebase-functions-test": "^0.1.6",
    "tslint": "^5.12.0",
    "typescript": "^3.2.2"
  },
  "private": true
}
[info] i  functions: ensuring necessary APIs are enabled...
[debug] [2019-07-16T13:21:22.943Z] >>> HTTP REQUEST GET https://serviceusage.googleapis.com/v1/projects/marydaphne-sandbox-public/services/cloudfunctions.googleapis.com  
 
[debug] [2019-07-16T13:21:22.943Z] >>> HTTP REQUEST GET https://serviceusage.googleapis.com/v1/projects/marydaphne-sandbox-public/services/runtimeconfig.googleapis.com  
 
[debug] [2019-07-16T13:23:04.057Z] ----------------------------------------------------------------------
[debug] [2019-07-16T13:23:04.059Z] Command:       /home/gorgantx1/.nvm/versions/node/v10.14.2/bin/node /home/gorgantx1/.nvm/versions/node/v10.14.2/bin/firebase deploy
[debug] [2019-07-16T13:23:04.059Z] CLI Version:   7.1.0
[debug] [2019-07-16T13:23:04.059Z] Platform:      linux
[debug] [2019-07-16T13:23:04.059Z] Node Version:  v10.14.2
[debug] [2019-07-16T13:23:04.059Z] Time:          Tue Jul 16 2019 16:23:04 GMT+0300 (GMT+03:00)
[debug] [2019-07-16T13:23:04.059Z] ----------------------------------------------------------------------
[debug] 
[debug] [2019-07-16T13:23:04.063Z] > command requires scopes: ["email","openid","https://www.googleapis.com/auth/cloudplatformprojects.readonly","https://www.googleapis.com/auth/firebase","https://www.googleapis.com/auth/cloud-platform"]
[debug] [2019-07-16T13:23:04.063Z] > authorizing via signed-in user
[debug] [2019-07-16T13:23:04.063Z] [iam] checking project marydaphne-sandbox-public for permissions ["cloudfunctions.functions.create","cloudfunctions.functions.delete","cloudfunctions.functions.get","cloudfunctions.functions.list","cloudfunctions.functions.update","cloudfunctions.operations.get","datastore.indexes.create","datastore.indexes.delete","datastore.indexes.list","datastore.indexes.update","firebase.projects.get","firebasehosting.sites.update"]
[debug] [2019-07-16T13:23:04.064Z] >>> HTTP REQUEST POST https://cloudresourcemanager.googleapis.com/v1/projects/marydaphne-sandbox-public:testIamPermissions  

[debug] [2019-07-16T13:23:05.176Z] <<< HTTP RESPONSE 200
[debug] [2019-07-16T13:23:05.179Z] >>> HTTP REQUEST GET https://firebase.googleapis.com/v1beta1/projects/marydaphne-sandbox-public  
 
[debug] [2019-07-16T13:23:05.681Z] <<< HTTP RESPONSE 200
[info] 
[info] === Deploying to 'marydaphne-sandbox-public'...
[info] 
[info] i  deploying firestore, functions, hosting
[info] Running command: npm --prefix "$RESOURCE_DIR" run lint
[info] Running command: npm --prefix "$RESOURCE_DIR" run build
[info] ✔  functions: Finished running predeploy script.
[info] i  firestore: checking firestore.rules for compilation errors...
[info] i  firestore: reading indexes from firestore.indexes.json...
[debug] [2019-07-16T13:23:12.741Z] >>> HTTP REQUEST POST https://firebaserules.googleapis.com/v1/projects/marydaphne-sandbox-public:test  

[debug] [2019-07-16T13:24:03.265Z] ----------------------------------------------------------------------
[debug] [2019-07-16T13:24:03.266Z] Command:       /home/gorgantx1/.nvm/versions/node/v10.14.2/bin/node /home/gorgantx1/.nvm/versions/node/v10.14.2/bin/firebase deploy
[debug] [2019-07-16T13:24:03.266Z] CLI Version:   7.1.0
[debug] [2019-07-16T13:24:03.266Z] Platform:      linux
[debug] [2019-07-16T13:24:03.266Z] Node Version:  v10.14.2
[debug] [2019-07-16T13:24:03.267Z] Time:          Tue Jul 16 2019 16:24:03 GMT+0300 (GMT+03:00)
[debug] [2019-07-16T13:24:03.267Z] ----------------------------------------------------------------------
[debug] 
[debug] [2019-07-16T13:24:03.273Z] > command requires scopes: ["email","openid","https://www.googleapis.com/auth/cloudplatformprojects.readonly","https://www.googleapis.com/auth/firebase","https://www.googleapis.com/auth/cloud-platform"]
[debug] [2019-07-16T13:24:03.273Z] > authorizing via signed-in user
[debug] [2019-07-16T13:24:03.273Z] [iam] checking project marydaphne-sandbox-public for permissions ["cloudfunctions.functions.create","cloudfunctions.functions.delete","cloudfunctions.functions.get","cloudfunctions.functions.list","cloudfunctions.functions.update","cloudfunctions.operations.get","datastore.indexes.create","datastore.indexes.delete","datastore.indexes.list","datastore.indexes.update","firebase.projects.get","firebasehosting.sites.update"]
[debug] [2019-07-16T13:24:03.274Z] >>> HTTP REQUEST POST https://cloudresourcemanager.googleapis.com/v1/projects/marydaphne-sandbox-public:testIamPermissions  

[debug] [2019-07-16T13:24:04.463Z] <<< HTTP RESPONSE 200
[debug] [2019-07-16T13:24:04.465Z] >>> HTTP REQUEST GET https://firebase.googleapis.com/v1beta1/projects/marydaphne-sandbox-public  
 
[debug] [2019-07-16T13:24:04.974Z] <<< HTTP RESPONSE 200
[info] 
[info] === Deploying to 'marydaphne-sandbox-public'...
[info] 
[info] i  deploying firestore, functions, hosting
[info] Running command: npm --prefix "$RESOURCE_DIR" run lint
[info] Running command: npm --prefix "$RESOURCE_DIR" run build
[info] ✔  functions: Finished running predeploy script.
[info] i  firestore: checking firestore.rules for compilation errors...
[info] i  firestore: reading indexes from firestore.indexes.json...
[debug] [2019-07-16T13:24:15.530Z] >>> HTTP REQUEST POST https://firebaserules.googleapis.com/v1/projects/marydaphne-sandbox-public:test  

[debug] [2019-07-16T13:24:16.508Z] <<< HTTP RESPONSE 200
[info] ✔  firestore: rules file firestore.rules compiled successfully
[debug] [2019-07-16T13:24:16.512Z] > [functions] package.json contents: {
  "name": "functions",
  "scripts": {
    "lint": "tslint --project tsconfig.json",
    "build": "tsc",
    "serve": "npm run build && firebase serve --only functions",
    "shell": "npm run build && firebase functions:shell",
    "start": "npm run shell",
    "deploy": "firebase deploy --only functions",
    "logs": "firebase functions:log"
  },
  "engines": {
    "node": "8"
  },
  "main": "lib/functions/src/index.js",
  "dependencies": {
    "@google-cloud/pubsub": "^0.30.1",
    "express": "^4.17.1",
    "firebase-admin": "^8.2.0",
    "firebase-functions": "^3.1.0",
    "moment": "^2.24.0",
    "node-fetch": "^2.6.0",
    "puppeteer": "^1.18.1",
    "stripe": "^7.4.0"
  },
  "devDependencies": {
    "@types/node": "^12.6.3",
    "@types/node-fetch": "^2.3.7",
    "@types/puppeteer": "^1.12.4",
    "@types/stripe": "^6.31.4",
    "firebase-functions-test": "^0.1.6",
    "tslint": "^5.12.0",
    "typescript": "^3.2.2"
  },
  "private": true
}
[info] i  functions: ensuring necessary APIs are enabled...
[debug] [2019-07-16T13:24:16.513Z] >>> HTTP REQUEST GET https://serviceusage.googleapis.com/v1/projects/marydaphne-sandbox-public/services/cloudfunctions.googleapis.com  
 
[debug] [2019-07-16T13:24:16.514Z] >>> HTTP REQUEST GET https://serviceusage.googleapis.com/v1/projects/marydaphne-sandbox-public/services/runtimeconfig.googleapis.com  
 
[debug] [2019-07-16T13:24:27.443Z] ----------------------------------------------------------------------
[debug] [2019-07-16T13:24:27.444Z] Command:       /home/gorgantx1/.nvm/versions/node/v10.14.2/bin/node /home/gorgantx1/.nvm/versions/node/v10.14.2/bin/firebase deploy
[debug] [2019-07-16T13:24:27.444Z] CLI Version:   7.1.0
[debug] [2019-07-16T13:24:27.444Z] Platform:      linux
[debug] [2019-07-16T13:24:27.444Z] Node Version:  v10.14.2
[debug] [2019-07-16T13:24:27.445Z] Time:          Tue Jul 16 2019 16:24:27 GMT+0300 (GMT+03:00)
[debug] [2019-07-16T13:24:27.445Z] ----------------------------------------------------------------------
[debug] 
[debug] [2019-07-16T13:24:27.449Z] > command requires scopes: ["email","openid","https://www.googleapis.com/auth/cloudplatformprojects.readonly","https://www.googleapis.com/auth/firebase","https://www.googleapis.com/auth/cloud-platform"]
[debug] [2019-07-16T13:24:27.449Z] > authorizing via signed-in user
[debug] [2019-07-16T13:24:27.449Z] [iam] checking project marydaphne-sandbox-public for permissions ["cloudfunctions.functions.create","cloudfunctions.functions.delete","cloudfunctions.functions.get","cloudfunctions.functions.list","cloudfunctions.functions.update","cloudfunctions.operations.get","datastore.indexes.create","datastore.indexes.delete","datastore.indexes.list","datastore.indexes.update","firebase.projects.get","firebasehosting.sites.update"]
[debug] [2019-07-16T13:24:27.450Z] >>> HTTP REQUEST POST https://cloudresourcemanager.googleapis.com/v1/projects/marydaphne-sandbox-public:testIamPermissions  

[debug] [2019-07-16T13:24:28.727Z] <<< HTTP RESPONSE 200
[debug] [2019-07-16T13:24:28.729Z] >>> HTTP REQUEST GET https://firebase.googleapis.com/v1beta1/projects/marydaphne-sandbox-public  
 
[debug] [2019-07-16T13:24:29.239Z] <<< HTTP RESPONSE 200
[info] 
[info] === Deploying to 'marydaphne-sandbox-public'...
[info] 
[info] i  deploying firestore, functions, hosting
[info] Running command: npm --prefix "$RESOURCE_DIR" run lint
[info] Running command: npm --prefix "$RESOURCE_DIR" run build
[info] ✔  functions: Finished running predeploy script.
[info] i  firestore: checking firestore.rules for compilation errors...
[info] i  firestore: reading indexes from firestore.indexes.json...
[debug] [2019-07-16T13:24:37.330Z] >>> HTTP REQUEST POST https://firebaserules.googleapis.com/v1/projects/marydaphne-sandbox-public:test  

[debug] [2019-07-16T13:24:38.248Z] <<< HTTP RESPONSE 200
[info] ✔  firestore: rules file firestore.rules compiled successfully
[debug] [2019-07-16T13:24:38.253Z] > [functions] package.json contents: {
  "name": "functions",
  "scripts": {
    "lint": "tslint --project tsconfig.json",
    "build": "tsc",
    "serve": "npm run build && firebase serve --only functions",
    "shell": "npm run build && firebase functions:shell",
    "start": "npm run shell",
    "deploy": "firebase deploy --only functions",
    "logs": "firebase functions:log"
  },
  "engines": {
    "node": "8"
  },
  "main": "lib/functions/src/index.js",
  "dependencies": {
    "@google-cloud/pubsub": "^0.30.1",
    "express": "^4.17.1",
    "firebase-admin": "^8.2.0",
    "firebase-functions": "^3.1.0",
    "moment": "^2.24.0",
    "node-fetch": "^2.6.0",
    "puppeteer": "^1.18.1",
    "stripe": "^7.4.0"
  },
  "devDependencies": {
    "@types/node": "^12.6.3",
    "@types/node-fetch": "^2.3.7",
    "@types/puppeteer": "^1.12.4",
    "@types/stripe": "^6.31.4",
    "firebase-functions-test": "^0.1.6",
    "tslint": "^5.12.0",
    "typescript": "^3.2.2"
  },
  "private": true
}
[info] i  functions: ensuring necessary APIs are enabled...
[debug] [2019-07-16T13:24:38.256Z] >>> HTTP REQUEST GET https://serviceusage.googleapis.com/v1/projects/marydaphne-sandbox-public/services/cloudfunctions.googleapis.com  
 
[debug] [2019-07-16T13:24:38.258Z] >>> HTTP REQUEST GET https://serviceusage.googleapis.com/v1/projects/marydaphne-sandbox-public/services/runtimeconfig.googleapis.com  
 
